<?xml version="1.0" encoding="UTF-8"?>
<!-- Generated by org.testng.reporters.JUnitReportReporter -->
<testsuite name="logo.testsuite.login.LoginTestSuiteTestNG" tests="1" time="42.909" ignored="0" failures="0" timestamp="12 十一月 2019 09:26:51 GMT" skipped="0" hostname="DESKTOP-VERYCI" errors="0">
  <testcase name="Login_phone_TestCase_01" time="42.909" classname="logo.testsuite.login.LoginTestSuiteTestNG"/>
</testsuite> <!-- logo.testsuite.login.LoginTestSuiteTestNG -->
